
  ___  ____  ____  ____  ____ (R)
 /__    /   ____/   /   ____/
___/   /   /___/   /   /___/   15.1   Copyright 1985-2017 StataCorp LLC
  Statistics/Data Analysis            StataCorp
                                      4905 Lakeway Drive
     Special Edition                  College Station, Texas 77845 USA
                                      800-STATA-PC        http://www.stata.com
                                      979-696-4600        stata@stata.com
                                      979-696-4601 (fax)

100-student Stata lab perpetual license:
       Serial number:  401506209499
         Licensed to:  mac
                       

Notes:
      1.  Stata is running in batch mode.
      2.  Unicode is supported; see help unicode_advice.
      3.  Maximum number of variables is set to 5000; see help set_maxvar.


running /Applications/Stata 15/profile.do ...
varlist not allowed
r(101);

. do /Users/mac/.ipython/stata/code.do 

. clear

. set more off

. set linesize 200

. log using "/Users/mac/.ipython/stata/log_output.log", text replace
--------------------------------------------------------------------------------------------------------------------------------------------------------------------------------------------------------
      name:  <unnamed>
       log:  /Users/mac/.ipython/stata/log_output.log
  log type:  text
 opened on:   7 Jun 2020, 22:33:14

. sysuse auto,clear
(1978 Automobile Data)

. reg price make,nocons
no observations
r(2000);

end of do-file
r(2000);
